<?xml version="1.0" encoding="UTF-8"?>
<!-- Generated by org.testng.reporters.JUnitReportReporter -->
<testsuite hostname="DESKTOP-GFL6RHU" failures="0" tests="3" name="com.automate.webapp.AutomateWebapplication" time="142.394" errors="0" timestamp="2022-10-02T21:52:46 IST" skipped="0">
  <testcase classname="com.automate.webapp.AutomateWebapplication" name="signupform" time="57.630"/>
  <system-out/>
  <testcase classname="com.automate.webapp.AutomateWebapplication" name="Login" time="28.241"/>
  <system-out/>
  <testcase classname="com.automate.webapp.AutomateWebapplication" name="addToCart" time="56.523"/>
  <system-out/>
</testsuite> <!-- com.automate.webapp.AutomateWebapplication -->
